<?xml version="1.0" encoding="UTF-8"?>
<testng-results skipped="0" failed="0" ignored="0" total="1" passed="1">
  <reporter-output>
  </reporter-output>
  <suite name="Default suite" duration-ms="12051" started-at="2019-11-30T12:22:29Z" finished-at="2019-11-30T12:22:41Z">
    <groups>
    </groups>
    <test name="Default test" duration-ms="12051" started-at="2019-11-30T12:22:29Z" finished-at="2019-11-30T12:22:41Z">
      <class name="com.tutorial.testcases.Test1">
        <test-method status="PASS" signature="setupsuite()[pri:0, instance:com.tutorial.testcases.Test1@c038203]" name="setupsuite" is-config="true" duration-ms="230" started-at="2019-11-30T17:52:29Z" finished-at="2019-11-30T17:52:29Z">
          <reporter-output>
          </reporter-output>
        </test-method> <!-- setupsuite -->
        <test-method status="PASS" signature="setup()[pri:0, instance:com.tutorial.testcases.Test1@c038203]" name="setup" is-config="true" duration-ms="7331" started-at="2019-11-30T17:52:29Z" finished-at="2019-11-30T17:52:37Z">
          <reporter-output>
          </reporter-output>
        </test-method> <!-- setup -->
        <test-method status="PASS" signature="login(java.lang.String, java.lang.String)[pri:0, instance:com.tutorial.testcases.Test1@c038203]" name="login" duration-ms="2314" started-at="2019-11-30T17:52:37Z" data-provider="logindata" finished-at="2019-11-30T17:52:40Z">
          <params>
            <param index="0">
              <value>
                <![CDATA[mngr232410]]>
              </value>
            </param>
            <param index="1">
              <value>
                <![CDATA[remequt]]>
              </value>
            </param>
          </params>
          <reporter-output>
          </reporter-output>
        </test-method> <!-- login -->
        <test-method status="PASS" signature="teardownmethod(org.testng.ITestResult)[pri:0, instance:com.tutorial.testcases.Test1@c038203]" name="teardownmethod" is-config="true" duration-ms="1164" started-at="2019-11-30T17:52:40Z" finished-at="2019-11-30T17:52:41Z">
          <params>
            <param index="0">
              <value>
                <![CDATA[[TestResult name=login status=SUCCESS method=Test1.login(java.lang.String, java.lang.String)[pri:0, instance:com.tutorial.testcases.Test1@c038203] output={null}]]]>
              </value>
            </param>
          </params>
          <reporter-output>
          </reporter-output>
        </test-method> <!-- teardownmethod -->
        <test-method status="PASS" signature="teardown()[pri:0, instance:com.tutorial.testcases.Test1@c038203]" name="teardown" is-config="true" duration-ms="651" started-at="2019-11-30T17:52:41Z" finished-at="2019-11-30T17:52:41Z">
          <reporter-output>
          </reporter-output>
        </test-method> <!-- teardown -->
      </class> <!-- com.tutorial.testcases.Test1 -->
    </test> <!-- Default test -->
  </suite> <!-- Default suite -->
</testng-results>
